<?xml version="1.0" encoding="UTF-8"?>
<!-- Generated by org.testng.reporters.JUnitReportReporter -->
<testsuite hostname="Administrator" failures="0" tests="1" name="com.rbg.test.OrangeHRMDemo" time="93.852" errors="0" timestamp="2021-05-17T12:50:06 IST" skipped="0">
  <testcase classname="com.rbg.test.OrangeHRMDemo" name="login_Test" time="93.852"/>
  <system-out/>
</testsuite> <!-- com.rbg.test.OrangeHRMDemo -->
