<?xml version="1.0" encoding="UTF-8"?>
<!-- Generated by org.testng.reporters.JUnitReportReporter -->
<testsuite hostname="Administrator" failures="0" tests="2" name="com.rbg.test.LoginTest" time="19.361" errors="0" timestamp="2021-04-17T09:35:46 IST" skipped="0">
  <testcase classname="com.rbg.test.LoginTest" name="loginWithValidCredentials" time="10.669"/>
  <system-out/>
  <testcase classname="com.rbg.test.LoginTest" name="loginWithinValidCredentials" time="8.692"/>
  <system-out/>
</testsuite> <!-- com.rbg.test.LoginTest -->
