<?xml version="1.0" encoding="UTF-8"?>
<!-- Generated by org.testng.reporters.JUnitReportReporter -->
<testsuite hostname="Administrator" failures="0" tests="3" name="excelWorkTest" time="1.557" errors="0" timestamp="2021-04-17T21:11:27 IST" skipped="0">
  <testcase classname="excelWorkTest" name="rowCount" time="1.358"/>
  <system-out/>
  <testcase classname="excelWorkTest" name="colCount" time="0.096"/>
  <system-out/>
  <testcase classname="excelWorkTest" name="readDataFromExcel" time="0.103"/>
  <system-out/>
</testsuite> <!-- excelWorkTest -->
