<?xml version="1.0" encoding="UTF-8"?>
<!-- Generated by org.testng.reporters.JUnitReportReporter -->
<testsuite hostname="Administrator" failures="0" tests="1" name="Practise.KeyBoardActions" time="11.020" errors="0" timestamp="2021-06-08T15:53:40 IST" skipped="0">
  <testcase classname="Practise.KeyBoardActions" name="keyBoardTest" time="11.020"/>
  <system-out/>
</testsuite> <!-- Practise.KeyBoardActions -->
