<?xml version="1.0" encoding="UTF-8"?>
<!-- Generated by org.testng.reporters.JUnitReportReporter -->
<testsuite hostname="Administrator" failures="0" tests="2" name="com.rbg.test.LoginTest" time="14.816" errors="0" timestamp="2021-04-19T11:51:00 IST" skipped="0">
  <testcase classname="com.rbg.test.LoginTest" name="loginWithValidCredentials" time="8.332"/>
  <system-out/>
  <testcase classname="com.rbg.test.LoginTest" name="loginWithinValidCredentials" time="6.484"/>
  <system-out/>
</testsuite> <!-- com.rbg.test.LoginTest -->
