<?xml version="1.0" encoding="UTF-8"?>
<!-- Generated by org.testng.reporters.JUnitReportReporter -->
<testsuite hostname="Administrator" failures="0" tests="1" name="com.xpathDemo.XpathDemo1" time="6.591" errors="0" timestamp="2021-06-08T15:37:46 IST" skipped="0">
  <testcase classname="com.xpathDemo.XpathDemo1" name="LoginFB" time="6.591"/>
  <system-out/>
</testsuite> <!-- com.xpathDemo.XpathDemo1 -->
