<?xml version="1.0" encoding="UTF-8"?>
<!-- Generated by org.testng.reporters.JUnitReportReporter -->
<testsuite hostname="Administrator" failures="0" tests="3" name="excelWorkTest" time="2.121" errors="0" timestamp="2021-04-29T17:28:58 IST" skipped="0">
  <testcase classname="excelWorkTest" name="rowCount" time="1.895"/>
  <system-out/>
  <testcase classname="excelWorkTest" name="colCount" time="0.121"/>
  <system-out/>
  <testcase classname="excelWorkTest" name="readDataFromExcel" time="0.105"/>
  <system-out/>
</testsuite> <!-- excelWorkTest -->
