<?xml version="1.0" encoding="UTF-8"?>
<!-- Generated by org.testng.reporters.JUnitReportReporter -->
<testsuite hostname="Administrator" failures="0" tests="1" name="com.rbg.utilities.writeDataInExcel" time="1.688" errors="0" timestamp="2021-05-11T13:27:01 IST" skipped="0">
  <testcase classname="com.rbg.utilities.writeDataInExcel" name="writeData" time="1.688"/>
  <system-out/>
</testsuite> <!-- com.rbg.utilities.writeDataInExcel -->
