<?xml version="1.0" encoding="UTF-8"?>
<!-- Generated by org.testng.reporters.JUnitReportReporter -->
<testsuite hostname="Administrator" failures="0" tests="1" name="com.rbg.test.FlightTest" time="12.530" errors="0" timestamp="2021-04-22T19:59:13 IST" skipped="0">
  <testcase classname="com.rbg.test.FlightTest" name="loginTest" time="12.530"/>
  <system-out/>
</testsuite> <!-- com.rbg.test.FlightTest -->
