<?xml version="1.0" encoding="UTF-8"?>
<!-- Generated by org.testng.reporters.JUnitReportReporter -->
<testsuite hostname="Administrator" failures="0" tests="1" name="com.rbg.test.WriteDataInExcel" time="1.853" errors="0" timestamp="2021-05-15T17:47:54 IST" skipped="0">
  <testcase classname="com.rbg.test.WriteDataInExcel" name="writeData" time="1.853"/>
  <system-out/>
</testsuite> <!-- com.rbg.test.WriteDataInExcel -->
