<?xml version="1.0" encoding="UTF-8"?>
<!-- Generated by org.testng.reporters.JUnitReportReporter -->
<testsuite hostname="Administrator" failures="0" tests="1" name="com.rbg.utilities.writeDataInExcel" time="1.707" errors="0" timestamp="2021-04-17T23:50:33 IST" skipped="0">
  <testcase classname="com.rbg.utilities.writeDataInExcel" name="writeData" time="1.707"/>
  <system-out/>
</testsuite> <!-- com.rbg.utilities.writeDataInExcel -->
