<?xml version="1.0" encoding="UTF-8"?>
<!-- Generated by org.testng.reporters.JUnitReportReporter -->
<testsuite skipped="0" hostname="Administrator" name="TestNGDemo.TestNGGroupsDemo1" tests="4" failures="0" timestamp="02 Jun 2021 06:12:27 GMT" time="0.015" errors="0">
  <testcase name="funB" time="0.000" classname="TestNGDemo.TestNGGroupsDemo1"/>
  <testcase name="funC" time="0.000" classname="TestNGDemo.TestNGGroupsDemo1"/>
  <testcase name="funA" time="0.014" classname="TestNGDemo.TestNGGroupsDemo1"/>
  <testcase name="funD" time="0.001" classname="TestNGDemo.TestNGGroupsDemo1"/>
</testsuite> <!-- TestNGDemo.TestNGGroupsDemo1 -->
