<?xml version="1.0" encoding="UTF-8"?>
<!-- Generated by org.testng.reporters.JUnitReportReporter -->
<testsuite skipped="0" hostname="Administrator" name="seleniumPhase2.CheckBoxDemo1" tests="1" failures="0" timestamp="22 Jun 2021 08:43:50 GMT" time="8.552" errors="0">
  <testcase name="CheckBoxDisplayed" time="8.552" classname="seleniumPhase2.CheckBoxDemo1"/>
</testsuite> <!-- seleniumPhase2.CheckBoxDemo1 -->
