<?xml version="1.0" encoding="UTF-8"?>
<!-- Generated by org.testng.reporters.JUnitReportReporter -->
<testsuite hostname="Administrator" failures="0" tests="1" name="JavaPrograms.DuplicateCharacter" time="0.021" errors="0" timestamp="2021-04-25T22:27:11 IST" skipped="0">
  <testcase classname="JavaPrograms.DuplicateCharacter" name="findDuplicateCharacter" time="0.021"/>
  <system-out/>
</testsuite> <!-- JavaPrograms.DuplicateCharacter -->
