<?xml version="1.0" encoding="UTF-8"?>
<!-- Generated by org.testng.reporters.JUnitReportReporter -->
<testsuite hostname="Administrator" failures="0" tests="4" name="TestNGDemo.TestNGDemo2" time="0.012" errors="0" timestamp="2021-05-11T13:33:47 IST" skipped="0">
  <testcase classname="TestNGDemo.TestNGDemo2" name="funB" time="0.003"/>
  <system-out/>
  <testcase classname="TestNGDemo.TestNGDemo2" name="funC" time="0.003"/>
  <system-out/>
  <testcase classname="TestNGDemo.TestNGDemo2" name="funA" time="0.003"/>
  <system-out/>
  <testcase classname="TestNGDemo.TestNGDemo2" name="funD" time="0.003"/>
  <system-out/>
</testsuite> <!-- TestNGDemo.TestNGDemo2 -->
