<?xml version="1.0" encoding="UTF-8"?>
<!-- Generated by org.testng.reporters.JUnitReportReporter -->
<testsuite hostname="Administrator" failures="0" tests="1" name="TestNGDemo.AnnotationDemo1" time="0.027" errors="0" timestamp="2021-04-20T17:49:05 IST" skipped="0">
  <testcase classname="TestNGDemo.AnnotationDemo1" name="funA" time="0.027"/>
  <system-out/>
</testsuite> <!-- TestNGDemo.AnnotationDemo1 -->
