<?xml version="1.0" encoding="UTF-8"?>
<!-- Generated by org.testng.reporters.JUnitReportReporter -->
<testsuite hostname="Administrator" failures="0" tests="6" name="TestNGDemo.DataProviderDemo1" time="0.050" errors="0" timestamp="2021-04-05T07:49:56 IST" skipped="0">
  <testcase classname="TestNGDemo.DataProviderDemo1" name="funB" time="0.010"/>
  <system-out/>
  <testcase classname="TestNGDemo.DataProviderDemo1" name="funA" time="0.004"/>
  <system-out/>
  <testcase classname="TestNGDemo.DataProviderDemo1" name="funA" time="0.019"/>
  <system-out/>
  <testcase classname="TestNGDemo.DataProviderDemo1" name="funA" time="0.004"/>
  <system-out/>
  <testcase classname="TestNGDemo.DataProviderDemo1" name="funB" time="0.004"/>
  <system-out/>
  <testcase classname="TestNGDemo.DataProviderDemo1" name="funB" time="0.009"/>
  <system-out/>
</testsuite> <!-- TestNGDemo.DataProviderDemo1 -->
