<?xml version="1.0" encoding="UTF-8"?>
<!-- Generated by org.testng.reporters.JUnitReportReporter -->
<testsuite hostname="Administrator" failures="0" tests="1" name="seleniumPhase2.GetTitle" time="10.057" errors="0" timestamp="2021-05-08T12:13:17 IST" skipped="0">
  <testcase classname="seleniumPhase2.GetTitle" name="getTitleTest" time="10.057"/>
  <system-out/>
</testsuite> <!-- seleniumPhase2.GetTitle -->
