<?xml version="1.0" encoding="UTF-8"?>
<!-- Generated by org.testng.reporters.JUnitReportReporter -->
<testsuite hostname="Administrator" failures="0" tests="3" name="TestNGDemo.DataProviderDemo2" time="26.624" errors="0" timestamp="2021-04-06T07:21:06 IST" skipped="0">
  <testcase classname="TestNGDemo.DataProviderDemo2" name="loginTest" time="9.853"/>
  <system-out/>
  <testcase classname="TestNGDemo.DataProviderDemo2" name="loginTest" time="8.545"/>
  <system-out/>
  <testcase classname="TestNGDemo.DataProviderDemo2" name="loginTest" time="8.226"/>
  <system-out/>
</testsuite> <!-- TestNGDemo.DataProviderDemo2 -->
