<?xml version="1.0" encoding="UTF-8"?>
<!-- Generated by org.testng.reporters.JUnitReportReporter -->
<testsuite hostname="Administrator" failures="0" tests="1" name="FrameWorkDemo1.GFTest2" time="9.838" errors="0" timestamp="2021-04-20T13:41:01 IST" skipped="0">
  <testcase classname="FrameWorkDemo1.GFTest2" name="flightTest2" time="9.838"/>
  <system-out/>
</testsuite> <!-- FrameWorkDemo1.GFTest2 -->
