<?xml version="1.0" encoding="UTF-8"?>
<!-- Generated by org.testng.reporters.JUnitReportReporter -->
<testsuite hostname="Administrator" failures="0" tests="1" name="SeleniumPrograms.LinkDemo1" time="21.304" errors="0" timestamp="2021-05-01T15:04:42 IST" skipped="0">
  <testcase classname="SeleniumPrograms.LinkDemo1" name="totalLinks" time="21.304"/>
  <system-out/>
</testsuite> <!-- SeleniumPrograms.LinkDemo1 -->
