<?xml version="1.0" encoding="UTF-8"?>
<!-- Generated by org.testng.reporters.JUnitReportReporter -->
<testsuite hostname="Administrator" failures="0" tests="5" name="SeleniumPrograms.RadioButtonDemo2" time="0.744" errors="0" timestamp="2021-05-01T12:19:11 IST" skipped="0">
  <testcase classname="SeleniumPrograms.RadioButtonDemo2" name="checkBoxDisplay" time="0.360"/>
  <system-out/>
  <testcase classname="SeleniumPrograms.RadioButtonDemo2" name="checkBoxEnable" time="0.080"/>
  <system-out/>
  <testcase classname="SeleniumPrograms.RadioButtonDemo2" name="checkBoxSelect" time="0.061"/>
  <system-out/>
  <testcase classname="SeleniumPrograms.RadioButtonDemo2" name="checkBoxClick" time="0.176"/>
  <system-out/>
  <testcase classname="SeleniumPrograms.RadioButtonDemo2" name="checkBoxDisplay1" time="0.067"/>
  <system-out/>
</testsuite> <!-- SeleniumPrograms.RadioButtonDemo2 -->
