<?xml version="1.0" encoding="UTF-8"?>
<!-- Generated by org.testng.reporters.JUnitReportReporter -->
<testsuite hostname="Administrator" failures="0" tests="1" name="TestNGDemo.AnnotationDemo4" time="0.005" errors="0" timestamp="2021-04-20T17:49:05 IST" skipped="0">
  <testcase classname="TestNGDemo.AnnotationDemo4" name="funD" time="0.005"/>
  <system-out/>
</testsuite> <!-- TestNGDemo.AnnotationDemo4 -->
