<?xml version="1.0" encoding="UTF-8"?>
<!-- Generated by org.testng.reporters.JUnitReportReporter -->
<testsuite hostname="Administrator" failures="0" tests="1" name="FrameWorkDemo1.HTMLReportDemo1" time="1.155" errors="0" timestamp="2021-04-20T18:25:39 IST" skipped="0">
  <testcase classname="FrameWorkDemo1.HTMLReportDemo1" name="HTMLReport" time="1.155"/>
  <system-out/>
</testsuite> <!-- FrameWorkDemo1.HTMLReportDemo1 -->
