<?xml version="1.0" encoding="UTF-8"?>
<!-- Generated by org.testng.reporters.JUnitReportReporter -->
<testsuite skipped="0" hostname="Administrator" name="seleniumPhase2.PopupWindowDemo2" tests="1" failures="0" timestamp="2021-10-18T14:46:08 IST" time="14.943" errors="0">
  <testcase name="verfiyPopUpWindow" time="14.943" classname="seleniumPhase2.PopupWindowDemo2"/>
  <system-out/>
</testsuite> <!-- seleniumPhase2.PopupWindowDemo2 -->
