<?xml version="1.0" encoding="UTF-8"?>
<!-- Generated by org.testng.reporters.JUnitReportReporter -->
<testsuite skipped="0" hostname="Administrator" name="Practise.Main" tests="1" failures="0" timestamp="2021-07-20T20:44:35 IST" time="19.662" errors="0">
  <testcase name="mouseOverDemo" time="19.662" classname="Practise.Main"/>
  <system-out/>
</testsuite> <!-- Practise.Main -->
