<?xml version="1.0" encoding="UTF-8"?>
<!-- Generated by org.testng.reporters.JUnitReportReporter -->
<testsuite hostname="Administrator" failures="0" tests="1" name="TestNGDemo.TestNGAssertDemo2" time="0.030" errors="0" timestamp="2021-04-04T09:32:18 IST" skipped="0">
  <testcase classname="TestNGDemo.TestNGAssertDemo2" name="funA" time="0.030"/>
  <system-out/>
</testsuite> <!-- TestNGDemo.TestNGAssertDemo2 -->
