<?xml version="1.0" encoding="UTF-8"?>
<!-- Generated by org.testng.reporters.JUnitReportReporter -->
<testsuite hostname="Administrator" failures="0" tests="1" name="SeleniumPrograms.FindElementsDemo1" time="27.614" errors="0" timestamp="2021-05-02T08:48:46 IST" skipped="0">
  <testcase classname="SeleniumPrograms.FindElementsDemo1" name="findElements" time="27.614"/>
  <system-out/>
</testsuite> <!-- SeleniumPrograms.FindElementsDemo1 -->
