<?xml version="1.0" encoding="UTF-8"?>
<!-- Generated by org.testng.reporters.JUnitReportReporter -->
<testsuite hostname="Administrator" failures="0" tests="1" name="SeleniumPhase2.WebTableDemo2" time="7.305" errors="0" timestamp="2021-04-04T21:09:19 IST" skipped="0">
  <testcase classname="SeleniumPhase2.WebTableDemo2" name="webTable" time="7.305"/>
  <system-out/>
</testsuite> <!-- SeleniumPhase2.WebTableDemo2 -->
