<?xml version="1.0" encoding="UTF-8"?>
<!-- Generated by org.testng.reporters.JUnitReportReporter -->
<testsuite hostname="Administrator" failures="0" tests="1" name="SeleniumPrograms.InputBoxDemo" time="6.897" errors="0" timestamp="2021-05-01T18:05:23 IST" skipped="0">
  <testcase classname="SeleniumPrograms.InputBoxDemo" name="InputBoxDemo" time="6.897"/>
  <system-out/>
</testsuite> <!-- SeleniumPrograms.InputBoxDemo -->
