<?xml version="1.0" encoding="UTF-8"?>
<!-- Generated by org.testng.reporters.JUnitReportReporter -->
<testsuite hostname="Administrator" failures="0" tests="4" name="TestNGDemo.TestNGGroupsDemo1" time="0.031" errors="0" timestamp="2021-05-27T16:13:50 IST" skipped="0">
  <testcase classname="TestNGDemo.TestNGGroupsDemo1" name="funB" time="0.005"/>
  <system-out/>
  <testcase classname="TestNGDemo.TestNGGroupsDemo1" name="funD" time="0.003"/>
  <system-out/>
  <testcase classname="TestNGDemo.TestNGGroupsDemo1" name="funA" time="0.019"/>
  <system-out/>
  <testcase classname="TestNGDemo.TestNGGroupsDemo1" name="funC" time="0.004"/>
  <system-out/>
</testsuite> <!-- TestNGDemo.TestNGGroupsDemo1 -->
