<?xml version="1.0" encoding="UTF-8"?>
<!-- Generated by org.testng.reporters.JUnitReportReporter -->
<testsuite hostname="Administrator" failures="0" tests="1" name="SeleniumPhase2.AlertDemo1" time="18.100" errors="0" timestamp="2021-04-08T00:04:24 IST" skipped="0">
  <testcase classname="SeleniumPhase2.AlertDemo1" name="alertTest" time="18.100"/>
  <system-out/>
</testsuite> <!-- SeleniumPhase2.AlertDemo1 -->
