<?xml version="1.0" encoding="UTF-8"?>
<!-- Generated by org.testng.reporters.JUnitReportReporter -->
<testsuite hostname="Administrator" failures="0" tests="1" name="SeleniumPrograms.DropdownDemo1" time="9.386" errors="0" timestamp="2021-05-03T09:18:30 IST" skipped="0">
  <testcase classname="SeleniumPrograms.DropdownDemo1" name="dropDownDemo1" time="9.386"/>
  <system-out/>
</testsuite> <!-- SeleniumPrograms.DropdownDemo1 -->
