<?xml version="1.0" encoding="UTF-8"?>
<!-- Generated by org.testng.reporters.JUnitReportReporter -->
<testsuite hostname="Administrator" failures="0" tests="1" name="seleniumPhase2.MouseHoverDemo1" time="19.152" errors="0" timestamp="2021-05-08T13:03:45 IST" skipped="0">
  <testcase classname="seleniumPhase2.MouseHoverDemo1" name="mouseOverDemo" time="19.152"/>
  <system-out/>
</testsuite> <!-- seleniumPhase2.MouseHoverDemo1 -->
