<?xml version="1.0" encoding="UTF-8"?>
<!-- Generated by org.testng.reporters.JUnitReportReporter -->
<testsuite hostname="Administrator" failures="0" tests="1" name="FrameWorkDemo1.ExtentReportDemo2" time="9.399" errors="0" timestamp="2021-04-17T07:28:19 IST" skipped="0">
  <testcase classname="FrameWorkDemo1.ExtentReportDemo2" name="externalReportTest1" time="9.399"/>
  <system-out/>
</testsuite> <!-- FrameWorkDemo1.ExtentReportDemo2 -->
