<?xml version="1.0" encoding="UTF-8"?>
<!-- Generated by org.testng.reporters.JUnitReportReporter -->
<testsuite hostname="Administrator" failures="0" tests="1" name="TestNGDemo.NewTest" time="0.020" errors="0" timestamp="2021-04-04T09:02:38 IST" skipped="0">
  <testcase classname="TestNGDemo.NewTest" name="f" time="0.020"/>
  <system-out/>
</testsuite> <!-- TestNGDemo.NewTest -->
