<?xml version="1.0" encoding="UTF-8"?>
<!-- Generated by org.testng.reporters.JUnitReportReporter -->
<testsuite hostname="Administrator" failures="0" tests="5" name="SeleniumPrograms.CheckBoxDemo3" time="0.634" errors="0" timestamp="2021-05-01T17:09:52 IST" skipped="0">
  <testcase classname="SeleniumPrograms.CheckBoxDemo3" name="checkBoxDisplay" time="0.204"/>
  <system-out/>
  <testcase classname="SeleniumPrograms.CheckBoxDemo3" name="checkBoxEnable" time="0.119"/>
  <system-out/>
  <testcase classname="SeleniumPrograms.CheckBoxDemo3" name="checkBoxSelect" time="0.060"/>
  <system-out/>
  <testcase classname="SeleniumPrograms.CheckBoxDemo3" name="checkBoxClick" time="0.186"/>
  <system-out/>
  <testcase classname="SeleniumPrograms.CheckBoxDemo3" name="checkBoxDisplay1" time="0.065"/>
  <system-out/>
</testsuite> <!-- SeleniumPrograms.CheckBoxDemo3 -->
