<?xml version="1.0" encoding="UTF-8"?>
<!-- Generated by org.testng.reporters.JUnitReportReporter -->
<testsuite hostname="Administrator" failures="0" tests="1" name="SeleniumPhase2.CheckBoxDemo2" time="10.447" errors="0" timestamp="2021-04-04T21:11:25 IST" skipped="0">
  <testcase classname="SeleniumPhase2.CheckBoxDemo2" name="CheckBox2" time="10.447"/>
  <system-out/>
</testsuite> <!-- SeleniumPhase2.CheckBoxDemo2 -->
