<?xml version="1.0" encoding="UTF-8"?>
<!-- Generated by org.testng.reporters.JUnitReportReporter -->
<testsuite skipped="0" hostname="Administrator" name="Practise.RapidInnovation" tests="2" failures="0" timestamp="2021-10-20T16:13:33 IST" time="75.008" errors="0">
  <testcase name="connectWallet" time="75.004" classname="Practise.RapidInnovation"/>
  <system-out/>
  <testcase name="clickOnLogo" time="0.004" classname="Practise.RapidInnovation"/>
  <system-out/>
</testsuite> <!-- Practise.RapidInnovation -->
