<?xml version="1.0" encoding="UTF-8"?>
<!-- Generated by org.testng.reporters.JUnitReportReporter -->
<testsuite hostname="Administrator" failures="0" tests="4" name="SeleniumPrograms.CheckBoxDemo1" time="1.155" errors="0" timestamp="2021-05-01T18:11:04 IST" skipped="0">
  <testcase classname="SeleniumPrograms.CheckBoxDemo1" name="checkBoxSelect" time="0.361"/>
  <system-out/>
  <testcase classname="SeleniumPrograms.CheckBoxDemo1" name="checkBoxDisplay" time="0.413"/>
  <system-out/>
  <testcase classname="SeleniumPrograms.CheckBoxDemo1" name="checkBoxDisplay1" time="0.305"/>
  <system-out/>
  <testcase classname="SeleniumPrograms.CheckBoxDemo1" name="checkBoxEnable" time="0.076"/>
  <system-out/>
</testsuite> <!-- SeleniumPrograms.CheckBoxDemo1 -->
