<?xml version="1.0" encoding="UTF-8"?>
<!-- Generated by org.testng.reporters.JUnitReportReporter -->
<testsuite hostname="Administrator" failures="0" tests="1" name="SeleniumPrograms.WebTableDemo3" time="63.134" errors="0" timestamp="2021-05-05T09:53:37 IST" skipped="0">
  <testcase classname="SeleniumPrograms.WebTableDemo3" name="webTable" time="63.134"/>
  <system-out/>
</testsuite> <!-- SeleniumPrograms.WebTableDemo3 -->
