<?xml version="1.0" encoding="UTF-8"?>
<!-- Generated by org.testng.reporters.JUnitReportReporter -->
<testsuite hostname="Administrator" failures="0" tests="1" name="TestNGDemo.AnnotationDemo3" time="0.004" errors="0" timestamp="2021-04-04T22:25:42 IST" skipped="0">
  <testcase classname="TestNGDemo.AnnotationDemo3" name="funC" time="0.004"/>
  <system-out/>
</testsuite> <!-- TestNGDemo.AnnotationDemo3 -->
