<?xml version="1.0" encoding="UTF-8"?>
<!-- Generated by org.testng.reporters.JUnitReportReporter -->
<testsuite hostname="Administrator" failures="0" tests="1" name="FrameWorkDemo1.TestDemo1" time="15.754" errors="0" timestamp="2021-04-20T13:09:39 IST" skipped="0">
  <testcase classname="FrameWorkDemo1.TestDemo1" name="flightTest" time="15.754"/>
  <system-out/>
</testsuite> <!-- FrameWorkDemo1.TestDemo1 -->
