<?xml version="1.0" encoding="UTF-8"?>
<!-- Generated by org.testng.reporters.JUnitReportReporter -->
<testsuite hostname="Administrator" failures="0" tests="1" name="seleniumPhase2.DropdownDemo1" time="9.337" errors="0" timestamp="2021-06-28T20:48:07 IST" skipped="0">
  <testcase classname="seleniumPhase2.DropdownDemo1" name="dropDown" time="9.337"/>
  <system-out/>
</testsuite> <!-- seleniumPhase2.DropdownDemo1 -->
