<?xml version="1.0" encoding="UTF-8"?>
<!-- Generated by org.testng.reporters.JUnitReportReporter -->
<testsuite hostname="Administrator" failures="0" tests="1" name="seleniumPhase2.ExplicitDemo1" time="13.545" errors="0" timestamp="2021-04-30T00:06:03 IST" skipped="0">
  <testcase classname="seleniumPhase2.ExplicitDemo1" name="explicitTest" time="13.545"/>
  <system-out/>
</testsuite> <!-- seleniumPhase2.ExplicitDemo1 -->
