<?xml version="1.0" encoding="UTF-8"?>
<!-- Generated by org.testng.reporters.JUnitReportReporter -->
<testsuite hostname="Administrator" failures="0" tests="1" name="InputOutputDemo.OrangeHRMDemo" time="10.401" errors="0" timestamp="2021-05-15T14:02:59 IST" skipped="0">
  <testcase classname="InputOutputDemo.OrangeHRMDemo" name="login_Test" time="10.401"/>
  <system-out/>
</testsuite> <!-- InputOutputDemo.OrangeHRMDemo -->
