<?xml version="1.0" encoding="UTF-8"?>
<!-- Generated by org.testng.reporters.JUnitReportReporter -->
<testsuite hostname="Administrator" failures="0" tests="1" name="seleniumPhase2.AlertDemo1" time="16.052" errors="0" timestamp="2021-04-09T07:33:22 IST" skipped="0">
  <testcase classname="seleniumPhase2.AlertDemo1" name="alertTest" time="16.052"/>
  <system-out/>
</testsuite> <!-- seleniumPhase2.AlertDemo1 -->
