<?xml version="1.0" encoding="UTF-8"?>
<!-- Generated by org.testng.reporters.JUnitReportReporter -->
<testsuite hostname="Administrator" failures="0" tests="1" name="FrameWorkDemo1.GFTest1" time="7.710" errors="0" timestamp="2021-04-16T23:29:06 IST" skipped="0">
  <testcase classname="FrameWorkDemo1.GFTest1" name="loginTest" time="7.710"/>
  <system-out/>
</testsuite> <!-- FrameWorkDemo1.GFTest1 -->
