<?xml version="1.0" encoding="UTF-8"?>
<!-- Generated by org.testng.reporters.JUnitReportReporter -->
<testsuite hostname="Administrator" failures="0" tests="2" name="TestNGDemo.AnnotationDemo2" time="0.011" errors="0" timestamp="2021-04-04T22:25:42 IST" skipped="0">
  <testcase classname="TestNGDemo.AnnotationDemo2" name="funA" time="0.004"/>
  <system-out/>
  <testcase classname="TestNGDemo.AnnotationDemo2" name="funB" time="0.007"/>
  <system-out/>
</testsuite> <!-- TestNGDemo.AnnotationDemo2 -->
