<?xml version="1.0" encoding="UTF-8"?>
<!-- Generated by org.testng.reporters.JUnitReportReporter -->
<testsuite hostname="Administrator" failures="0" tests="1" name="seleniumPhase2.KeyBoardActions" time="11.414" errors="0" timestamp="2021-06-08T16:01:03 IST" skipped="0">
  <testcase classname="seleniumPhase2.KeyBoardActions" name="keyBoardTest" time="11.414"/>
  <system-out/>
</testsuite> <!-- seleniumPhase2.KeyBoardActions -->
