<?xml version="1.0" encoding="UTF-8"?>
<!-- Generated by org.testng.reporters.JUnitReportReporter -->
<testsuite hostname="Administrator" failures="0" tests="1" name="AlertDemo1" time="17.480" errors="0" timestamp="2021-04-09T07:24:44 IST" skipped="0">
  <testcase classname="AlertDemo1" name="alertTest" time="17.480"/>
  <system-out/>
</testsuite> <!-- AlertDemo1 -->
