<?xml version="1.0" encoding="UTF-8"?>
<!-- Generated by org.testng.reporters.JUnitReportReporter -->
<testsuite hostname="Administrator" failures="0" tests="1" name="SeleniumPhase2.CheckBoxDemo1" time="6.861" errors="0" timestamp="2021-04-04T20:57:12 IST" skipped="0">
  <testcase classname="SeleniumPhase2.CheckBoxDemo1" name="CheckBox" time="6.861"/>
  <system-out/>
</testsuite> <!-- SeleniumPhase2.CheckBoxDemo1 -->
