<?xml version="1.0" encoding="UTF-8"?>
<!-- Generated by org.testng.reporters.JUnitReportReporter -->
<testsuite hostname="Administrator" failures="0" tests="1" name="TestNGDemo.NewTest" time="0.018" errors="0" timestamp="2021-05-11T13:33:47 IST" skipped="0">
  <testcase classname="TestNGDemo.NewTest" name="f" time="0.018"/>
  <system-out/>
</testsuite> <!-- TestNGDemo.NewTest -->
