<?xml version="1.0" encoding="UTF-8"?>
<!-- Generated by org.testng.reporters.JUnitReportReporter -->
<testsuite hostname="Administrator" failures="0" tests="1" name="SeleniumPhase2.MouseOverDemo1" time="8.529" errors="0" timestamp="2021-04-07T07:41:18 IST" skipped="0">
  <testcase classname="SeleniumPhase2.MouseOverDemo1" name="mouseOverDemo" time="8.529"/>
  <system-out/>
</testsuite> <!-- SeleniumPhase2.MouseOverDemo1 -->
