<?xml version="1.0" encoding="UTF-8"?>
<!-- Generated by org.testng.reporters.JUnitReportReporter -->
<testsuite hostname="Administrator" failures="0" tests="1" name="seleniumPhase2.PopupWindowDemo2" time="61.599" errors="0" timestamp="2021-04-11T07:56:25 IST" skipped="0">
  <testcase classname="seleniumPhase2.PopupWindowDemo2" name="verfiyPopUpWindow" time="61.599"/>
  <system-out/>
</testsuite> <!-- seleniumPhase2.PopupWindowDemo2 -->
