<?xml version="1.0" encoding="UTF-8"?>
<!-- Generated by org.testng.reporters.JUnitReportReporter -->
<testsuite skipped="0" hostname="Administrator" name="seleniumPhase2.CloseAndQuitDemo1" tests="1" failures="0" timestamp="22 Jun 2021 08:47:16 GMT" time="10.589" errors="0">
  <testcase name="closeAndQuitWindow" time="10.589" classname="seleniumPhase2.CloseAndQuitDemo1"/>
</testsuite> <!-- seleniumPhase2.CloseAndQuitDemo1 -->
