<?xml version="1.0" encoding="UTF-8"?>
<!-- Generated by org.testng.reporters.JUnitReportReporter -->
<testsuite hostname="Administrator" failures="0" tests="1" name="seleniumPhase2.PopUpWindowDemo1" time="19.468" errors="0" timestamp="2021-04-10T07:29:24 IST" skipped="0">
  <testcase classname="seleniumPhase2.PopUpWindowDemo1" name="verfiyPopUpWindow" time="19.468"/>
  <system-out/>
</testsuite> <!-- seleniumPhase2.PopUpWindowDemo1 -->
