<?xml version="1.0" encoding="UTF-8"?>
<!-- Generated by org.testng.reporters.JUnitReportReporter -->
<testsuite hostname="Administrator" failures="0" tests="1" name="seleniumPhase2.CloseAndQuitDemo2" time="12.219" errors="0" timestamp="2021-07-06T12:35:18 IST" skipped="0">
  <testcase classname="seleniumPhase2.CloseAndQuitDemo2" name="CloseAndQuitTest2" time="12.219"/>
  <system-out/>
</testsuite> <!-- seleniumPhase2.CloseAndQuitDemo2 -->
