<?xml version="1.0" encoding="UTF-8"?>
<!-- Generated by org.testng.reporters.JUnitReportReporter -->
<testsuite hostname="Administrator" failures="0" tests="1" name="seleniumPhase2.CloseAndQuitDemo2" time="11.142" errors="0" timestamp="2021-04-10T08:50:04 IST" skipped="0">
  <testcase classname="seleniumPhase2.CloseAndQuitDemo2" name="CloseAndQuitTest2" time="11.142"/>
  <system-out/>
</testsuite> <!-- seleniumPhase2.CloseAndQuitDemo2 -->
