<?xml version="1.0" encoding="UTF-8"?>
<!-- Generated by org.testng.reporters.JUnitReportReporter -->
<testsuite hostname="Administrator" failures="0" tests="1" name="FrameWorkDemo1.ExtentReportDemo1" time="1.584" errors="0" timestamp="2021-05-19T12:44:49 IST" skipped="0">
  <testcase classname="FrameWorkDemo1.ExtentReportDemo1" name="externalReportTest1" time="1.584"/>
  <system-out/>
</testsuite> <!-- FrameWorkDemo1.ExtentReportDemo1 -->
