<?xml version="1.0" encoding="UTF-8"?>
<!-- Generated by org.testng.reporters.JUnitReportReporter -->
<testsuite hostname="Administrator" failures="0" tests="1" name="seleniumPhase2.CloseAndQuitDemo1" time="8.562" errors="0" timestamp="2021-04-10T08:44:12 IST" skipped="0">
  <testcase classname="seleniumPhase2.CloseAndQuitDemo1" name="closeWindow" time="8.562"/>
  <system-out/>
</testsuite> <!-- seleniumPhase2.CloseAndQuitDemo1 -->
