<?xml version="1.0" encoding="UTF-8"?>
<!-- Generated by org.testng.reporters.JUnitReportReporter -->
<testsuite skipped="0" hostname="Administrator" name="seleniumPhase2.CheckBoxDemo2" tests="1" failures="0" timestamp="22 Jun 2021 08:47:16 GMT" time="11.212" errors="0">
  <testcase name="CheckBox2" time="11.212" classname="seleniumPhase2.CheckBoxDemo2"/>
</testsuite> <!-- seleniumPhase2.CheckBoxDemo2 -->
