<?xml version="1.0" encoding="UTF-8"?>
<!-- Generated by org.testng.reporters.JUnitReportReporter -->
<testsuite hostname="Administrator" failures="0" tests="1" name="seleniumPhase2.AlertDemo1" time="15.564" errors="0" timestamp="2021-05-01T18:43:45 IST" skipped="0">
  <testcase classname="seleniumPhase2.AlertDemo1" name="alertTest" time="15.564"/>
  <system-out/>
</testsuite> <!-- seleniumPhase2.AlertDemo1 -->
