<?xml version="1.0" encoding="UTF-8"?>
<!-- Generated by org.testng.reporters.JUnitReportReporter -->
<testsuite hostname="Administrator" failures="0" tests="2" name="TestNGDemo.AnnotationDemo2" time="0.027" errors="0" timestamp="2021-04-20T17:49:05 IST" skipped="0">
  <testcase classname="TestNGDemo.AnnotationDemo2" name="funB" time="0.015"/>
  <system-out/>
  <testcase classname="TestNGDemo.AnnotationDemo2" name="funA" time="0.012"/>
  <system-out/>
</testsuite> <!-- TestNGDemo.AnnotationDemo2 -->
