<?xml version="1.0" encoding="UTF-8"?>
<!-- Generated by org.testng.reporters.JUnitReportReporter -->
<testsuite hostname="Administrator" failures="0" tests="1" name="SeleniumPhase2.DragAndDropDemo2" time="9.566" errors="0" timestamp="2021-04-07T00:30:51 IST" skipped="0">
  <testcase classname="SeleniumPhase2.DragAndDropDemo2" name="DragAndDropDemo2" time="9.566"/>
  <system-out/>
</testsuite> <!-- SeleniumPhase2.DragAndDropDemo2 -->
