<?xml version="1.0" encoding="UTF-8"?>
<!-- Generated by org.testng.reporters.JUnitReportReporter -->
<testsuite hostname="Administrator" failures="0" tests="1" name="TestNGDemo.AnnotationDemo1" time="0.013" errors="0" timestamp="2021-04-04T22:25:42 IST" skipped="0">
  <testcase classname="TestNGDemo.AnnotationDemo1" name="funA" time="0.013"/>
  <system-out/>
</testsuite> <!-- TestNGDemo.AnnotationDemo1 -->
