<?xml version="1.0" encoding="UTF-8"?>
<!-- Generated by org.testng.reporters.JUnitReportReporter -->
<testsuite hostname="Administrator" failures="0" tests="1" name="JavaPrograms.PrimeNumbersDemo1" time="0.019" errors="0" timestamp="2021-05-03T09:46:51 IST" skipped="0">
  <testcase classname="JavaPrograms.PrimeNumbersDemo1" name="chechPrimeNumber" time="0.019"/>
  <system-out/>
</testsuite> <!-- JavaPrograms.PrimeNumbersDemo1 -->
