<?xml version="1.0" encoding="UTF-8"?>
<!-- Generated by org.testng.reporters.JUnitReportReporter -->
<testsuite hostname="Administrator" failures="0" tests="1" name="SeleniumPrograms.WebTableDemo1" time="6.385" errors="0" timestamp="2021-05-05T08:45:41 IST" skipped="0">
  <testcase classname="SeleniumPrograms.WebTableDemo1" name="webTableDemo1" time="6.385"/>
  <system-out/>
</testsuite> <!-- SeleniumPrograms.WebTableDemo1 -->
