<?xml version="1.0" encoding="UTF-8"?>
<!-- Generated by org.testng.reporters.JUnitReportReporter -->
<testsuite hostname="Administrator" failures="0" tests="1" name="TestNGDemo.TestNGDemo1" time="0.003" errors="0" timestamp="2021-04-04T09:02:38 IST" skipped="0">
  <testcase classname="TestNGDemo.TestNGDemo1" name="funA" time="0.003"/>
  <system-out/>
</testsuite> <!-- TestNGDemo.TestNGDemo1 -->
