<?xml version="1.0" encoding="UTF-8"?>
<!-- Generated by org.testng.reporters.JUnitReportReporter -->
<testsuite hostname="Administrator" failures="0" tests="1" name="FrameWorkDemo1.ExtentReportDemo2" time="8.875" errors="0" timestamp="2021-05-19T13:10:15 IST" skipped="0">
  <testcase classname="FrameWorkDemo1.ExtentReportDemo2" name="externalReportTest1" time="8.875"/>
  <system-out/>
</testsuite> <!-- FrameWorkDemo1.ExtentReportDemo2 -->
