<?xml version="1.0" encoding="UTF-8"?>
<!-- Generated by org.testng.reporters.JUnitReportReporter -->
<testsuite hostname="Administrator" failures="0" tests="1" name="SeleniumPhase2.DragAndDropDemo1" time="8.027" errors="0" timestamp="2021-04-06T08:08:46 IST" skipped="0">
  <testcase classname="SeleniumPhase2.DragAndDropDemo1" name="DragAndDropDemo1" time="8.027"/>
  <system-out/>
</testsuite> <!-- SeleniumPhase2.DragAndDropDemo1 -->
