<?xml version="1.0" encoding="UTF-8"?>
<!-- Generated by org.testng.reporters.JUnitReportReporter -->
<testsuite skipped="0" hostname="Administrator" name="JavaPrograms.ReverseStringAndNumber" tests="2" failures="0" timestamp="2021-07-28T22:54:39 IST" time="0.025" errors="0">
  <testcase name="reverseString" time="0.004" classname="JavaPrograms.ReverseStringAndNumber"/>
  <system-out/>
  <testcase name="reverseNumber1" time="0.021" classname="JavaPrograms.ReverseStringAndNumber"/>
  <system-out/>
</testsuite> <!-- JavaPrograms.ReverseStringAndNumber -->
