<?xml version="1.0" encoding="UTF-8"?>
<!-- Generated by org.testng.reporters.JUnitReportReporter -->
<testsuite hostname="Administrator" failures="0" tests="1" name="seleniumPhase2.DragAndDropDemo1" time="31.720" errors="0" timestamp="2021-05-08T12:45:15 IST" skipped="0">
  <testcase classname="seleniumPhase2.DragAndDropDemo1" name="DragAndDropDemo1" time="31.720"/>
  <system-out/>
</testsuite> <!-- seleniumPhase2.DragAndDropDemo1 -->
