<?xml version="1.0" encoding="UTF-8"?>
<!-- Generated by org.testng.reporters.JUnitReportReporter -->
<testsuite hostname="Administrator" failures="0" tests="1" name="TestNGDemo.AutoITDemo1" time="10.749" errors="0" timestamp="2021-05-24T18:34:20 IST" skipped="0">
  <testcase classname="TestNGDemo.AutoITDemo1" name="autoITTest" time="10.749"/>
  <system-out/>
</testsuite> <!-- TestNGDemo.AutoITDemo1 -->
