<?xml version="1.0" encoding="UTF-8"?>
<!-- Generated by org.testng.reporters.JUnitReportReporter -->
<testsuite hostname="Administrator" failures="0" tests="6" name="TestNGDemo.DataProviderDemo1" time="0.041" errors="0" timestamp="2021-04-20T17:49:05 IST" skipped="0">
  <testcase classname="TestNGDemo.DataProviderDemo1" name="funA" time="0.005"/>
  <system-out/>
  <testcase classname="TestNGDemo.DataProviderDemo1" name="funA" time="0.008"/>
  <system-out/>
  <testcase classname="TestNGDemo.DataProviderDemo1" name="funA" time="0.004"/>
  <system-out/>
  <testcase classname="TestNGDemo.DataProviderDemo1" name="funB" time="0.005"/>
  <system-out/>
  <testcase classname="TestNGDemo.DataProviderDemo1" name="funB" time="0.014"/>
  <system-out/>
  <testcase classname="TestNGDemo.DataProviderDemo1" name="funB" time="0.005"/>
  <system-out/>
</testsuite> <!-- TestNGDemo.DataProviderDemo1 -->
